<?xml version="1.0" encoding="UTF-8"?>
<!-- Generated by org.testng.reporters.JUnitReportReporter -->
<testsuite hostname="Shashanks-MacBook-Air.local" failures="0" tests="1" name="testCases.TC003_CartTest" time="13.213" errors="0" timestamp="2024-09-13T15:05:41 IST" skipped="0">
  <testcase classname="testCases.TC003_CartTest" name="verifyCartSection" time="13.213"/>
  <system-out/>
</testsuite> <!-- testCases.TC003_CartTest -->
