<?xml version="1.0" encoding="UTF-8"?>
<!-- Generated by org.testng.reporters.JUnitReportReporter -->
<testsuite hostname="Shashanks-MacBook-Air.local" failures="0" tests="1" name="testCases.TC004_PlaceOrderTest" time="17.672" errors="0" timestamp="2024-09-13T17:35:47 IST" skipped="0">
  <testcase classname="testCases.TC004_PlaceOrderTest" name="placeOrder" time="17.672"/>
  <system-out/>
</testsuite> <!-- testCases.TC004_PlaceOrderTest -->
