<?xml version="1.0" encoding="UTF-8"?>
<!-- Generated by org.testng.reporters.JUnitReportReporter -->
<testsuite hostname="Shashanks-MacBook-Air.local" failures="0" tests="1" name="testCases.TC005_ConfirmationTest" time="19.787" errors="0" timestamp="2024-09-13T18:13:28 IST" skipped="0">
  <testcase classname="testCases.TC005_ConfirmationTest" name="verifyConformationMessage" time="19.787"/>
  <system-out/>
</testsuite> <!-- testCases.TC005_ConfirmationTest -->
