<?xml version="1.0" encoding="UTF-8"?>
<!-- Generated by org.testng.reporters.JUnitReportReporter -->
<testsuite hostname="Shashanks-MacBook-Air.local" failures="0" tests="2" name="testCases.TC002_ProductCatalog" time="9.653" errors="0" timestamp="2024-09-13T13:27:49 IST" skipped="0">
  <testcase classname="testCases.TC002_ProductCatalog" name="loginToEcommerce" time="1.821"/>
  <system-out/>
  <testcase classname="testCases.TC002_ProductCatalog" name="selectProductCatalog" time="7.832"/>
  <system-out/>
</testsuite> <!-- testCases.TC002_ProductCatalog -->
