<?xml version="1.0" encoding="UTF-8"?>
<!-- Generated by org.testng.reporters.JUnitReportReporter -->
<testsuite hostname="Shashanks-MacBook-Air.local" failures="0" tests="1" name="testCases.TC002_ProductCatalog" time="9.787" errors="0" timestamp="2024-09-13T01:09:23 IST" skipped="0">
  <testcase classname="testCases.TC002_ProductCatalog" name="selectProductCatalog" time="9.787"/>
  <system-out/>
</testsuite> <!-- testCases.TC002_ProductCatalog -->
