<?xml version="1.0" encoding="UTF-8"?>
<!-- Generated by org.testng.reporters.JUnitReportReporter -->
<testsuite hostname="Shashanks-MacBook-Air.local" failures="0" tests="1" name="testCases.TC001_LoginTest" time="3.579" errors="0" timestamp="2024-09-13T00:56:33 IST" skipped="0">
  <testcase classname="testCases.TC001_LoginTest" name="verifyLogin" time="3.579"/>
  <system-out/>
</testsuite> <!-- testCases.TC001_LoginTest -->
